<?xml version="1.0" encoding="UTF-8"?>
<testsuite xmlns:xsi="http://www.w3.org/2001/XMLSchema-instance" xsi:noNamespaceSchemaLocation="https://maven.apache.org/surefire/maven-surefire-plugin/xsd/surefire-test-report.xsd" name="AuthorizationTest" time="15.645" tests="2" errors="0" skipped="0" failures="0">
  <properties>
[...]
</properties>
  <testcase name="correctRegistration" classname="AuthorizationTest" time="12.31"/>
  <testcase name="invalidRegistration" classname="AuthorizationTest" time="2.877"/>
</testsuite>